2020-10-13 13:21:45,053 - basicLogger - INFO - Received event report zone1 borrowed request with a unique id  of 1
2020-10-14 00:35:35,294 - basicLogger - INFO - Received event report zone1 borrowed request with a unique id  of 1
2020-10-14 00:35:35,299 - basicLogger - INFO - Received event report zone1 borrowed request with a unique id  of 1
2020-10-14 00:35:35,373 - basicLogger - INFO - Received event report zone1 borrowed request with a unique id  of 1
2020-10-14 00:35:35,387 - basicLogger - INFO - Received event report zone1 borrowed request with a unique id  of 1
2020-10-14 00:35:35,431 - basicLogger - INFO - Received event report zone1 borrowed request with a unique id  of 1
2020-10-14 00:35:35,445 - basicLogger - INFO - Received event report zone1 borrowed request with a unique id  of 1
2020-10-14 00:35:35,494 - basicLogger - INFO - Received event report zone1 borrowed request with a unique id  of 1
2020-10-14 00:35:35,509 - basicLogger - INFO - Received event report zone1 borrowed request with a unique id  of 1
2020-10-14 00:35:35,584 - basicLogger - INFO - Received event report zone1 borrowed request with a unique id  of 1
2020-10-14 00:35:35,700 - basicLogger - INFO - Received event report zone1 borrowed request with a unique id  of 1
2020-10-14 00:35:35,709 - basicLogger - INFO - Received event report zone1 borrowed request with a unique id  of 1
2020-10-14 00:35:35,749 - basicLogger - INFO - Received event report zone1 borrowed request with a unique id  of 1
2020-10-14 00:35:35,777 - basicLogger - INFO - Received event report zone1 borrowed request with a unique id  of 1
2020-10-14 00:35:35,789 - basicLogger - INFO - Received event report zone1 borrowed request with a unique id  of 1
2020-10-14 00:35:35,809 - basicLogger - INFO - Received event report zone1 borrowed request with a unique id  of 1
2020-10-14 00:35:35,825 - basicLogger - INFO - Received event report zone1 borrowed request with a unique id  of 1
2020-10-14 00:35:35,845 - basicLogger - INFO - Received event report zone1 borrowed request with a unique id  of 1
2020-10-14 00:35:35,857 - basicLogger - INFO - Received event report zone1 borrowed request with a unique id  of 1
2020-10-14 00:35:35,877 - basicLogger - INFO - Received event report zone1 borrowed request with a unique id  of 1
2020-10-14 00:35:35,881 - basicLogger - INFO - Received event report zone1 borrowed request with a unique id  of 1
2020-10-14 00:35:35,905 - basicLogger - INFO - Received event report zone1 borrowed request with a unique id  of 1
2020-10-14 00:35:35,917 - basicLogger - INFO - Received event report zone1 borrowed request with a unique id  of 1
2020-10-14 00:35:35,933 - basicLogger - INFO - Received event report zone1 borrowed request with a unique id  of 1
2020-10-14 00:35:35,937 - basicLogger - INFO - Received event report zone1 borrowed request with a unique id  of 1
2020-10-14 00:35:35,949 - basicLogger - INFO - Received event report zone1 borrowed request with a unique id  of 1
2020-10-14 00:35:35,965 - basicLogger - INFO - Received event report zone1 borrowed request with a unique id  of 1
2020-10-14 00:35:35,985 - basicLogger - INFO - Received event report zone1 borrowed request with a unique id  of 1
2020-10-14 00:35:36,001 - basicLogger - INFO - Received event report zone1 borrowed request with a unique id  of 1
2020-10-14 00:35:36,013 - basicLogger - INFO - Received event report zone1 borrowed request with a unique id  of 1
2020-10-14 00:35:36,029 - basicLogger - INFO - Received event report zone1 borrowed request with a unique id  of 1
2020-10-14 00:35:36,037 - basicLogger - INFO - Received event report zone1 borrowed request with a unique id  of 1
2020-10-14 00:35:36,049 - basicLogger - INFO - Received event report zone1 borrowed request with a unique id  of 1
2020-10-14 00:35:36,057 - basicLogger - INFO - Received event report zone1 borrowed request with a unique id  of 1
2020-10-14 00:35:36,065 - basicLogger - INFO - Received event report zone1 borrowed request with a unique id  of 1
2020-10-14 00:35:36,081 - basicLogger - INFO - Received event report zone1 borrowed request with a unique id  of 1
2020-10-14 00:35:36,101 - basicLogger - INFO - Received event report zone1 borrowed request with a unique id  of 1
2020-10-14 00:35:36,117 - basicLogger - INFO - Received event report zone1 borrowed request with a unique id  of 1
2020-10-14 00:35:36,133 - basicLogger - INFO - Received event report zone1 borrowed request with a unique id  of 1
2020-10-14 00:35:36,138 - basicLogger - INFO - Received event report zone1 borrowed request with a unique id  of 1
2020-10-14 00:35:36,150 - basicLogger - INFO - Received event report zone1 borrowed request with a unique id  of 1
2020-10-14 00:35:36,166 - basicLogger - INFO - Received event report zone1 borrowed request with a unique id  of 1
2020-10-14 00:35:36,182 - basicLogger - INFO - Received event report zone1 borrowed request with a unique id  of 1
2020-10-14 00:35:36,186 - basicLogger - INFO - Received event report zone1 borrowed request with a unique id  of 1
2020-10-14 00:35:36,202 - basicLogger - INFO - Received event report zone1 borrowed request with a unique id  of 1
2020-10-14 00:35:36,206 - basicLogger - INFO - Received event report zone1 borrowed request with a unique id  of 1
2020-10-14 00:35:36,218 - basicLogger - INFO - Received event report zone1 borrowed request with a unique id  of 1
2020-10-14 00:35:36,222 - basicLogger - INFO - Received event report zone1 borrowed request with a unique id  of 1
2020-10-14 00:35:36,234 - basicLogger - INFO - Received event report zone1 borrowed request with a unique id  of 1
2020-10-14 00:35:36,238 - basicLogger - INFO - Received event report zone1 borrowed request with a unique id  of 1
2020-10-14 00:35:36,250 - basicLogger - INFO - Received event report zone1 borrowed request with a unique id  of 1
2020-10-14 00:35:36,266 - basicLogger - INFO - Received event report zone1 borrowed request with a unique id  of 1
2020-10-14 00:35:36,274 - basicLogger - INFO - Received event report zone1 borrowed request with a unique id  of 1
2020-10-14 00:35:36,282 - basicLogger - INFO - Received event report zone1 borrowed request with a unique id  of 1
2020-10-14 00:35:36,298 - basicLogger - INFO - Received event report zone1 borrowed request with a unique id  of 1
2020-10-14 00:35:36,318 - basicLogger - INFO - Received event report zone1 borrowed request with a unique id  of 1
2020-10-14 00:35:36,338 - basicLogger - INFO - Received event report zone1 borrowed request with a unique id  of 1
2020-10-14 00:35:36,350 - basicLogger - INFO - Received event report zone1 borrowed request with a unique id  of 1
2020-10-14 00:35:36,366 - basicLogger - INFO - Received event report zone1 borrowed request with a unique id  of 1
2020-10-14 00:35:36,382 - basicLogger - INFO - Received event report zone1 borrowed request with a unique id  of 1
2020-10-14 00:35:36,398 - basicLogger - INFO - Received event report zone1 borrowed request with a unique id  of 1
2020-10-14 00:35:36,414 - basicLogger - INFO - Received event report zone1 borrowed request with a unique id  of 1
2020-10-14 00:35:36,434 - basicLogger - INFO - Received event report zone1 borrowed request with a unique id  of 1
2020-10-14 00:35:36,446 - basicLogger - INFO - Received event report zone1 borrowed request with a unique id  of 1
2020-10-14 00:35:36,454 - basicLogger - INFO - Received event report zone1 borrowed request with a unique id  of 1
2020-10-14 00:35:36,466 - basicLogger - INFO - Received event report zone1 borrowed request with a unique id  of 1
2020-10-14 00:35:36,490 - basicLogger - INFO - Received event report zone1 borrowed request with a unique id  of 1
2020-10-14 00:35:36,494 - basicLogger - INFO - Received event report zone1 borrowed request with a unique id  of 1
2020-10-14 00:35:36,502 - basicLogger - INFO - Received event report zone1 borrowed request with a unique id  of 1
2020-10-14 00:35:36,517 - basicLogger - INFO - Received event report zone1 borrowed request with a unique id  of 1
2020-10-14 00:35:36,533 - basicLogger - INFO - Received event report zone1 borrowed request with a unique id  of 1
2020-10-14 00:35:36,553 - basicLogger - INFO - Received event report zone1 borrowed request with a unique id  of 1
2020-10-14 00:35:36,565 - basicLogger - INFO - Received event report zone1 borrowed request with a unique id  of 1
2020-10-14 00:35:36,569 - basicLogger - INFO - Received event report zone1 borrowed request with a unique id  of 1
2020-10-14 00:35:36,581 - basicLogger - INFO - Received event report zone1 borrowed request with a unique id  of 1
2020-10-14 00:35:36,597 - basicLogger - INFO - Received event report zone1 borrowed request with a unique id  of 1
2020-10-14 00:35:36,605 - basicLogger - INFO - Received event report zone1 borrowed request with a unique id  of 1
2020-10-14 00:35:36,617 - basicLogger - INFO - Received event report zone1 borrowed request with a unique id  of 1
2020-10-14 00:35:36,634 - basicLogger - INFO - Received event report zone1 borrowed request with a unique id  of 1
2020-10-14 00:35:36,648 - basicLogger - INFO - Received event report zone1 borrowed request with a unique id  of 1
2020-10-14 00:35:36,660 - basicLogger - INFO - Received event report zone1 borrowed request with a unique id  of 1
2020-10-14 00:35:36,668 - basicLogger - INFO - Received event report zone1 borrowed request with a unique id  of 1
2020-10-14 00:35:36,676 - basicLogger - INFO - Received event report zone1 borrowed request with a unique id  of 1
2020-10-14 00:35:36,680 - basicLogger - INFO - Received event report zone1 borrowed request with a unique id  of 1
2020-10-14 00:35:36,688 - basicLogger - INFO - Received event report zone1 borrowed request with a unique id  of 1
2020-10-14 00:35:36,700 - basicLogger - INFO - Received event report zone1 borrowed request with a unique id  of 1
2020-10-14 00:35:36,716 - basicLogger - INFO - Received event report zone1 borrowed request with a unique id  of 1
2020-10-14 00:35:36,736 - basicLogger - INFO - Received event report zone1 borrowed request with a unique id  of 1
2020-10-14 00:35:36,748 - basicLogger - INFO - Received event report zone1 borrowed request with a unique id  of 1
2020-10-14 00:35:36,768 - basicLogger - INFO - Received event report zone1 borrowed request with a unique id  of 1
2020-10-14 00:35:36,780 - basicLogger - INFO - Received event report zone1 borrowed request with a unique id  of 1
2020-10-14 00:35:36,788 - basicLogger - INFO - Received event report zone1 borrowed request with a unique id  of 1
2020-10-14 00:35:36,800 - basicLogger - INFO - Received event report zone1 borrowed request with a unique id  of 1
2020-10-14 00:35:36,816 - basicLogger - INFO - Received event report zone1 borrowed request with a unique id  of 1
2020-10-14 00:35:36,820 - basicLogger - INFO - Received event report zone1 borrowed request with a unique id  of 1
2020-10-14 00:35:36,828 - basicLogger - INFO - Received event report zone1 borrowed request with a unique id  of 1
2020-10-14 00:35:36,836 - basicLogger - INFO - Received event report zone1 borrowed request with a unique id  of 1
2020-10-14 00:35:36,848 - basicLogger - INFO - Received event report zone1 borrowed request with a unique id  of 1
2020-10-14 00:35:36,864 - basicLogger - INFO - Received event report zone1 borrowed request with a unique id  of 1
2020-10-14 00:35:36,884 - basicLogger - INFO - Received event report zone1 borrowed request with a unique id  of 1
2020-10-14 00:35:36,896 - basicLogger - INFO - Received event report zone1 borrowed request with a unique id  of 1
2020-10-14 00:35:41,263 - basicLogger - INFO - Received event report zone1 borrowed request with a unique id  of 1
2020-10-14 00:35:41,283 - basicLogger - INFO - Received event report zone1 borrowed request with a unique id  of 1
2020-10-14 00:35:41,303 - basicLogger - INFO - Received event report zone1 borrowed request with a unique id  of 1
2020-10-14 00:35:41,385 - basicLogger - INFO - Received event report zone1 borrowed request with a unique id  of 1
2020-10-14 00:35:41,425 - basicLogger - INFO - Received event report zone1 borrowed request with a unique id  of 1
2020-10-14 00:35:41,433 - basicLogger - INFO - Received event report zone1 borrowed request with a unique id  of 1
2020-10-14 00:35:41,469 - basicLogger - INFO - Received event report zone1 borrowed request with a unique id  of 1
2020-10-14 00:35:41,485 - basicLogger - INFO - Received event report zone1 borrowed request with a unique id  of 1
2020-10-14 00:35:41,557 - basicLogger - INFO - Received event report zone1 borrowed request with a unique id  of 1
2020-10-14 00:35:41,623 - basicLogger - INFO - Received event report zone1 borrowed request with a unique id  of 1
2020-10-14 00:35:41,635 - basicLogger - INFO - Received event report zone1 borrowed request with a unique id  of 1
2020-10-14 00:35:41,651 - basicLogger - INFO - Received event report zone1 borrowed request with a unique id  of 1
2020-10-14 00:35:41,674 - basicLogger - INFO - Received event report zone1 borrowed request with a unique id  of 1
2020-10-14 00:35:41,706 - basicLogger - INFO - Received event report zone1 borrowed request with a unique id  of 1
2020-10-14 00:35:41,710 - basicLogger - INFO - Received event report zone1 borrowed request with a unique id  of 1
2020-10-14 00:35:41,714 - basicLogger - INFO - Received event report zone1 borrowed request with a unique id  of 1
2020-10-14 00:35:41,738 - basicLogger - INFO - Received event report zone1 borrowed request with a unique id  of 1
2020-10-14 00:35:41,754 - basicLogger - INFO - Received event report zone1 borrowed request with a unique id  of 1
2020-10-14 00:35:41,770 - basicLogger - INFO - Received event report zone1 borrowed request with a unique id  of 1
2020-10-14 00:35:41,790 - basicLogger - INFO - Received event report zone1 borrowed request with a unique id  of 1
2020-10-14 00:35:41,814 - basicLogger - INFO - Received event report zone1 borrowed request with a unique id  of 1
2020-10-14 00:35:41,822 - basicLogger - INFO - Received event report zone1 borrowed request with a unique id  of 1
2020-10-14 00:35:41,854 - basicLogger - INFO - Received event report zone1 borrowed request with a unique id  of 1
2020-10-14 00:35:41,866 - basicLogger - INFO - Received event report zone1 borrowed request with a unique id  of 1
2020-10-14 00:35:41,886 - basicLogger - INFO - Received event report zone1 borrowed request with a unique id  of 1
2020-10-14 00:35:41,934 - basicLogger - INFO - Received event report zone1 borrowed request with a unique id  of 1
2020-10-14 00:35:41,954 - basicLogger - INFO - Received event report zone1 borrowed request with a unique id  of 1
2020-10-14 00:35:41,970 - basicLogger - INFO - Received event report zone1 borrowed request with a unique id  of 1
2020-10-14 00:35:41,982 - basicLogger - INFO - Received event report zone1 borrowed request with a unique id  of 1
2020-10-14 00:35:42,062 - basicLogger - INFO - Received event report zone1 borrowed request with a unique id  of 1
2020-10-14 00:35:42,070 - basicLogger - INFO - Received event report zone1 borrowed request with a unique id  of 1
2020-10-14 00:35:42,094 - basicLogger - INFO - Received event report zone1 borrowed request with a unique id  of 1
2020-10-14 00:35:42,138 - basicLogger - INFO - Received event report zone1 borrowed request with a unique id  of 1
2020-10-14 00:35:42,268 - basicLogger - INFO - Received event report zone1 borrowed request with a unique id  of 1
2020-10-14 00:35:42,352 - basicLogger - INFO - Received event report zone1 borrowed request with a unique id  of 1
2020-10-14 00:35:42,372 - basicLogger - INFO - Received event report zone1 borrowed request with a unique id  of 1
2020-10-14 00:35:42,424 - basicLogger - INFO - Received event report zone1 borrowed request with a unique id  of 1
2020-10-14 00:35:42,470 - basicLogger - INFO - Received event report zone1 borrowed request with a unique id  of 1
2020-10-14 00:35:42,550 - basicLogger - INFO - Received event report zone1 borrowed request with a unique id  of 1
2020-10-14 00:35:42,587 - basicLogger - INFO - Received event report zone1 borrowed request with a unique id  of 1
2020-10-14 00:35:42,623 - basicLogger - INFO - Received event report zone1 borrowed request with a unique id  of 1
2020-10-14 00:35:42,643 - basicLogger - INFO - Received event report zone1 borrowed request with a unique id  of 1
2020-10-14 00:35:42,647 - basicLogger - INFO - Received event report zone1 borrowed request with a unique id  of 1
2020-10-14 00:35:42,686 - basicLogger - INFO - Received event report zone1 borrowed request with a unique id  of 1
2020-10-14 00:35:42,732 - basicLogger - INFO - Received event report zone1 borrowed request with a unique id  of 1
2020-10-14 00:35:42,800 - basicLogger - INFO - Received event report zone1 borrowed request with a unique id  of 1
2020-10-14 00:35:42,920 - basicLogger - INFO - Received event report zone1 borrowed request with a unique id  of 1
2020-10-14 00:35:43,048 - basicLogger - INFO - Received event report zone1 borrowed request with a unique id  of 1
2020-10-14 00:35:43,072 - basicLogger - INFO - Received event report zone1 borrowed request with a unique id  of 1
2020-10-14 00:35:43,128 - basicLogger - INFO - Received event report zone1 borrowed request with a unique id  of 1
2020-10-14 00:35:43,152 - basicLogger - INFO - Received event report zone1 borrowed request with a unique id  of 1
2020-10-14 00:35:43,183 - basicLogger - INFO - Received event report zone1 borrowed request with a unique id  of 1
2020-10-14 00:35:43,190 - basicLogger - INFO - Received event report zone1 borrowed request with a unique id  of 1
2020-10-14 00:35:43,239 - basicLogger - INFO - Received event report zone1 borrowed request with a unique id  of 1
2020-10-14 00:35:43,275 - basicLogger - INFO - Received event report zone1 borrowed request with a unique id  of 1
2020-10-14 00:35:43,283 - basicLogger - INFO - Received event report zone1 borrowed request with a unique id  of 1
2020-10-14 00:35:43,307 - basicLogger - INFO - Received event report zone1 borrowed request with a unique id  of 1
2020-10-14 00:35:43,315 - basicLogger - INFO - Received event report zone1 borrowed request with a unique id  of 1
2020-10-14 00:35:43,343 - basicLogger - INFO - Received event report zone1 borrowed request with a unique id  of 1
2020-10-14 00:35:43,347 - basicLogger - INFO - Received event report zone1 borrowed request with a unique id  of 1
2020-10-14 00:35:43,371 - basicLogger - INFO - Received event report zone1 borrowed request with a unique id  of 1
2020-10-14 00:35:43,399 - basicLogger - INFO - Received event report zone1 borrowed request with a unique id  of 1
2020-10-14 00:35:43,471 - basicLogger - INFO - Received event report zone1 borrowed request with a unique id  of 1
2020-10-14 00:35:43,531 - basicLogger - INFO - Received event report zone1 borrowed request with a unique id  of 1
2020-10-14 00:35:43,820 - basicLogger - INFO - Received event report zone1 borrowed request with a unique id  of 1
2020-10-14 00:35:43,888 - basicLogger - INFO - Received event report zone1 borrowed request with a unique id  of 1
2020-10-14 00:35:43,936 - basicLogger - INFO - Received event report zone1 borrowed request with a unique id  of 1
2020-10-14 00:35:43,972 - basicLogger - INFO - Received event report zone1 borrowed request with a unique id  of 1
2020-10-14 00:35:44,000 - basicLogger - INFO - Received event report zone1 borrowed request with a unique id  of 1
2020-10-14 00:35:44,056 - basicLogger - INFO - Received event report zone1 borrowed request with a unique id  of 1
2020-10-14 00:35:44,068 - basicLogger - INFO - Received event report zone1 borrowed request with a unique id  of 1
2020-10-14 00:35:44,108 - basicLogger - INFO - Received event report zone1 borrowed request with a unique id  of 1
2020-10-14 00:35:44,140 - basicLogger - INFO - Received event report zone1 borrowed request with a unique id  of 1
2020-10-14 00:35:44,156 - basicLogger - INFO - Received event report zone1 borrowed request with a unique id  of 1
2020-10-14 00:35:44,168 - basicLogger - INFO - Received event report zone1 borrowed request with a unique id  of 1
2020-10-14 00:35:44,176 - basicLogger - INFO - Received event report zone1 borrowed request with a unique id  of 1
2020-10-14 00:35:44,207 - basicLogger - INFO - Received event report zone1 borrowed request with a unique id  of 1
2020-10-14 00:35:44,223 - basicLogger - INFO - Received event report zone1 borrowed request with a unique id  of 1
2020-10-14 00:35:44,235 - basicLogger - INFO - Received event report zone1 borrowed request with a unique id  of 1
2020-10-14 00:35:44,267 - basicLogger - INFO - Received event report zone1 borrowed request with a unique id  of 1
2020-10-14 00:35:44,299 - basicLogger - INFO - Received event report zone1 borrowed request with a unique id  of 1
2020-10-14 00:35:44,315 - basicLogger - INFO - Received event report zone1 borrowed request with a unique id  of 1
2020-10-14 00:35:44,339 - basicLogger - INFO - Received event report zone1 borrowed request with a unique id  of 1
2020-10-14 00:35:44,355 - basicLogger - INFO - Received event report zone1 borrowed request with a unique id  of 1
2020-10-14 00:35:44,363 - basicLogger - INFO - Received event report zone1 borrowed request with a unique id  of 1
2020-10-14 00:35:44,383 - basicLogger - INFO - Received event report zone1 borrowed request with a unique id  of 1
2020-10-14 00:35:44,399 - basicLogger - INFO - Received event report zone1 borrowed request with a unique id  of 1
2020-10-14 00:35:44,435 - basicLogger - INFO - Received event report zone1 borrowed request with a unique id  of 1
2020-10-14 00:35:44,467 - basicLogger - INFO - Received event report zone1 borrowed request with a unique id  of 1
2020-10-14 00:35:44,487 - basicLogger - INFO - Received event report zone1 borrowed request with a unique id  of 1
2020-10-14 00:35:44,503 - basicLogger - INFO - Received event report zone1 borrowed request with a unique id  of 1
2020-10-14 00:35:44,594 - basicLogger - INFO - Received event report zone1 borrowed request with a unique id  of 1
2020-10-14 00:35:44,626 - basicLogger - INFO - Received event report zone1 borrowed request with a unique id  of 1
2020-10-14 00:35:44,654 - basicLogger - INFO - Received event report zone1 borrowed request with a unique id  of 1
2020-10-14 00:35:44,691 - basicLogger - INFO - Received event report zone1 borrowed request with a unique id  of 1
2020-10-14 00:35:44,785 - basicLogger - INFO - Received event report zone1 borrowed request with a unique id  of 1
2020-10-14 00:35:44,839 - basicLogger - INFO - Received event report zone1 borrowed request with a unique id  of 1
2020-10-14 00:35:44,871 - basicLogger - INFO - Received event report zone1 borrowed request with a unique id  of 1
2020-10-14 00:35:44,935 - basicLogger - INFO - Received event report zone1 borrowed request with a unique id  of 1
2020-10-14 00:35:45,027 - basicLogger - INFO - Received event report zone1 borrowed request with a unique id  of 1
2020-10-14 00:35:49,216 - basicLogger - INFO - Received event report zone1 borrowed request with a unique id  of 1
2020-10-14 00:35:49,248 - basicLogger - INFO - Received event report zone1 borrowed request with a unique id  of 1
2020-10-14 00:35:49,268 - basicLogger - INFO - Received event report zone1 borrowed request with a unique id  of 1
2020-10-14 00:35:49,344 - basicLogger - INFO - Received event report zone1 borrowed request with a unique id  of 1
2020-10-14 00:35:49,364 - basicLogger - INFO - Received event report zone1 borrowed request with a unique id  of 1
2020-10-14 00:35:49,400 - basicLogger - INFO - Received event report zone1 borrowed request with a unique id  of 1
2020-10-14 00:35:49,456 - basicLogger - INFO - Received event report zone1 borrowed request with a unique id  of 1
2020-10-14 00:35:49,536 - basicLogger - INFO - Received event report zone1 borrowed request with a unique id  of 1
2020-10-14 00:35:49,552 - basicLogger - INFO - Received event report zone1 borrowed request with a unique id  of 1
2020-10-14 00:35:49,623 - basicLogger - INFO - Received event report zone1 borrowed request with a unique id  of 1
2020-10-14 00:35:49,695 - basicLogger - INFO - Received event report zone1 borrowed request with a unique id  of 1
2020-10-14 00:35:49,707 - basicLogger - INFO - Received event report zone1 borrowed request with a unique id  of 1
2020-10-14 00:35:49,746 - basicLogger - INFO - Received event report zone1 borrowed request with a unique id  of 1
2020-10-14 00:35:49,774 - basicLogger - INFO - Received event report zone1 borrowed request with a unique id  of 1
2020-10-14 00:35:49,806 - basicLogger - INFO - Received event report zone1 borrowed request with a unique id  of 1
2020-10-14 00:35:49,908 - basicLogger - INFO - Received event report zone1 borrowed request with a unique id  of 1
2020-10-14 00:35:50,000 - basicLogger - INFO - Received event report zone1 borrowed request with a unique id  of 1
2020-10-14 00:35:50,072 - basicLogger - INFO - Received event report zone1 borrowed request with a unique id  of 1
2020-10-14 00:35:50,124 - basicLogger - INFO - Received event report zone1 borrowed request with a unique id  of 1
2020-10-14 00:35:50,144 - basicLogger - INFO - Received event report zone1 borrowed request with a unique id  of 1
2020-10-14 00:35:50,220 - basicLogger - INFO - Received event report zone1 borrowed request with a unique id  of 1
2020-10-14 00:35:50,274 - basicLogger - INFO - Received event report zone1 borrowed request with a unique id  of 1
2020-10-14 00:35:50,350 - basicLogger - INFO - Received event report zone1 borrowed request with a unique id  of 1
2020-10-14 00:35:50,366 - basicLogger - INFO - Received event report zone1 borrowed request with a unique id  of 1
2020-10-14 00:35:50,418 - basicLogger - INFO - Received event report zone1 borrowed request with a unique id  of 1
2020-10-14 00:35:50,450 - basicLogger - INFO - Received event report zone1 borrowed request with a unique id  of 1
2020-10-14 00:35:50,502 - basicLogger - INFO - Received event report zone1 borrowed request with a unique id  of 1
2020-10-14 00:35:50,578 - basicLogger - INFO - Received event report zone1 borrowed request with a unique id  of 1
2020-10-14 00:35:50,610 - basicLogger - INFO - Received event report zone1 borrowed request with a unique id  of 1
2020-10-14 00:35:50,682 - basicLogger - INFO - Received event report zone1 borrowed request with a unique id  of 1
2020-10-14 00:35:50,702 - basicLogger - INFO - Received event report zone1 borrowed request with a unique id  of 1
2020-10-14 00:35:50,722 - basicLogger - INFO - Received event report zone1 borrowed request with a unique id  of 1
2020-10-14 00:35:50,767 - basicLogger - INFO - Received event report zone1 borrowed request with a unique id  of 1
2020-10-14 00:35:50,787 - basicLogger - INFO - Received event report zone1 borrowed request with a unique id  of 1
2020-10-14 00:35:50,807 - basicLogger - INFO - Received event report zone1 borrowed request with a unique id  of 1
2020-10-14 00:35:50,871 - basicLogger - INFO - Received event report zone1 borrowed request with a unique id  of 1
2020-10-14 00:35:50,891 - basicLogger - INFO - Received event report zone1 borrowed request with a unique id  of 1
2020-10-14 00:35:50,939 - basicLogger - INFO - Received event report zone1 borrowed request with a unique id  of 1
2020-10-14 00:35:50,975 - basicLogger - INFO - Received event report zone1 borrowed request with a unique id  of 1
2020-10-14 00:35:51,063 - basicLogger - INFO - Received event report zone1 borrowed request with a unique id  of 1
2020-10-14 00:35:51,099 - basicLogger - INFO - Received event report zone1 borrowed request with a unique id  of 1
2020-10-14 00:35:51,135 - basicLogger - INFO - Received event report zone1 borrowed request with a unique id  of 1
2020-10-14 00:35:51,187 - basicLogger - INFO - Received event report zone1 borrowed request with a unique id  of 1
2020-10-14 00:35:51,223 - basicLogger - INFO - Received event report zone1 borrowed request with a unique id  of 1
2020-10-14 00:35:51,231 - basicLogger - INFO - Received event report zone1 borrowed request with a unique id  of 1
2020-10-14 00:35:51,282 - basicLogger - INFO - Received event report zone1 borrowed request with a unique id  of 1
2020-10-14 00:35:51,342 - basicLogger - INFO - Received event report zone1 borrowed request with a unique id  of 1
2020-10-14 00:35:51,386 - basicLogger - INFO - Received event report zone1 borrowed request with a unique id  of 1
2020-10-14 00:35:51,402 - basicLogger - INFO - Received event report zone1 borrowed request with a unique id  of 1
2020-10-14 00:35:51,422 - basicLogger - INFO - Received event report zone1 borrowed request with a unique id  of 1
2020-10-14 00:35:51,442 - basicLogger - INFO - Received event report zone1 borrowed request with a unique id  of 1
2020-10-14 00:35:51,466 - basicLogger - INFO - Received event report zone1 borrowed request with a unique id  of 1
2020-10-14 00:35:51,518 - basicLogger - INFO - Received event report zone1 borrowed request with a unique id  of 1
2020-10-14 00:35:51,534 - basicLogger - INFO - Received event report zone1 borrowed request with a unique id  of 1
2020-10-14 00:35:51,574 - basicLogger - INFO - Received event report zone1 borrowed request with a unique id  of 1
2020-10-14 00:35:51,625 - basicLogger - INFO - Received event report zone1 borrowed request with a unique id  of 1
2020-10-14 00:35:51,653 - basicLogger - INFO - Received event report zone1 borrowed request with a unique id  of 1
2020-10-14 00:35:51,705 - basicLogger - INFO - Received event report zone1 borrowed request with a unique id  of 1
2020-10-14 00:35:51,752 - basicLogger - INFO - Received event report zone1 borrowed request with a unique id  of 1
2020-10-14 00:35:51,800 - basicLogger - INFO - Received event report zone1 borrowed request with a unique id  of 1
2020-10-14 00:35:51,856 - basicLogger - INFO - Received event report zone1 borrowed request with a unique id  of 1
2020-10-14 00:35:51,876 - basicLogger - INFO - Received event report zone1 borrowed request with a unique id  of 1
2020-10-14 00:35:51,944 - basicLogger - INFO - Received event report zone1 borrowed request with a unique id  of 1
2020-10-14 00:35:52,108 - basicLogger - INFO - Received event report zone1 borrowed request with a unique id  of 1
2020-10-14 00:35:52,152 - basicLogger - INFO - Received event report zone1 borrowed request with a unique id  of 1
2020-10-14 00:35:52,192 - basicLogger - INFO - Received event report zone1 borrowed request with a unique id  of 1
2020-10-14 00:35:52,339 - basicLogger - INFO - Received event report zone1 borrowed request with a unique id  of 1
2020-10-14 00:35:52,371 - basicLogger - INFO - Received event report zone1 borrowed request with a unique id  of 1
2020-10-14 00:35:52,516 - basicLogger - INFO - Received event report zone1 borrowed request with a unique id  of 1
2020-10-14 00:35:52,552 - basicLogger - INFO - Received event report zone1 borrowed request with a unique id  of 1
2020-10-14 00:35:52,822 - basicLogger - INFO - Received event report zone1 borrowed request with a unique id  of 1
2020-10-14 00:35:52,914 - basicLogger - INFO - Received event report zone1 borrowed request with a unique id  of 1
2020-10-14 00:35:52,947 - basicLogger - INFO - Received event report zone1 borrowed request with a unique id  of 1
2020-10-14 00:35:52,954 - basicLogger - INFO - Received event report zone1 borrowed request with a unique id  of 1
2020-10-14 00:35:52,978 - basicLogger - INFO - Received event report zone1 borrowed request with a unique id  of 1
2020-10-14 00:35:53,006 - basicLogger - INFO - Received event report zone1 borrowed request with a unique id  of 1
2020-10-14 00:35:53,014 - basicLogger - INFO - Received event report zone1 borrowed request with a unique id  of 1
2020-10-14 00:35:53,062 - basicLogger - INFO - Received event report zone1 borrowed request with a unique id  of 1
2020-10-14 00:35:53,102 - basicLogger - INFO - Received event report zone1 borrowed request with a unique id  of 1
2020-10-14 00:35:53,146 - basicLogger - INFO - Received event report zone1 borrowed request with a unique id  of 1
2020-10-14 00:35:53,154 - basicLogger - INFO - Received event report zone1 borrowed request with a unique id  of 1
2020-10-14 00:35:53,191 - basicLogger - INFO - Received event report zone1 borrowed request with a unique id  of 1
2020-10-14 00:35:53,238 - basicLogger - INFO - Received event report zone1 borrowed request with a unique id  of 1
2020-10-14 00:35:53,258 - basicLogger - INFO - Received event report zone1 borrowed request with a unique id  of 1
2020-10-14 00:35:53,294 - basicLogger - INFO - Received event report zone1 borrowed request with a unique id  of 1
2020-10-14 00:35:53,326 - basicLogger - INFO - Received event report zone1 borrowed request with a unique id  of 1
2020-10-14 00:35:53,374 - basicLogger - INFO - Received event report zone1 borrowed request with a unique id  of 1
2020-10-14 00:35:53,402 - basicLogger - INFO - Received event report zone1 borrowed request with a unique id  of 1
2020-10-14 00:35:53,470 - basicLogger - INFO - Received event report zone1 borrowed request with a unique id  of 1
2020-10-14 00:35:53,510 - basicLogger - INFO - Received event report zone1 borrowed request with a unique id  of 1
2020-10-14 00:35:53,538 - basicLogger - INFO - Received event report zone1 borrowed request with a unique id  of 1
2020-10-14 00:35:53,554 - basicLogger - INFO - Received event report zone1 borrowed request with a unique id  of 1
2020-10-14 00:35:53,606 - basicLogger - INFO - Received event report zone1 borrowed request with a unique id  of 1
2020-10-14 00:35:53,635 - basicLogger - INFO - Received event report zone1 borrowed request with a unique id  of 1
2020-10-14 00:35:53,671 - basicLogger - INFO - Received event report zone1 borrowed request with a unique id  of 1
2020-10-14 00:35:53,735 - basicLogger - INFO - Received event report zone1 borrowed request with a unique id  of 1
2020-10-14 00:35:53,755 - basicLogger - INFO - Received event report zone1 borrowed request with a unique id  of 1
2020-10-14 00:35:53,767 - basicLogger - INFO - Received event report zone1 borrowed request with a unique id  of 1
2020-10-14 00:35:53,801 - basicLogger - INFO - Received event report zone1 borrowed request with a unique id  of 1
2020-10-14 00:35:53,953 - basicLogger - INFO - Received event report zone1 borrowed request with a unique id  of 1
2020-10-29 14:44:12,224 - basicLogger - INFO - Received event zone1 request with a unique id  of d290f1ee-6c54-4b01-90e6-d701748f0851
2020-10-29 14:47:05,989 - basicLogger - INFO - Received event zone1 request with a unique id  of d290f1ee-6c54-4b01-90e6-d701748f0851
2020-10-29 14:47:06,289 - basicLogger - INFO - Returned event {keys[1]} response with player id {zone1_player_id}
2020-10-29 16:23:52,426 - basicLogger - INFO - Received event zone1 request with a unique id  of 22ADD
2020-10-29 16:23:52,618 - basicLogger - INFO - Received event zone1 request with a unique id  of CAB3C
2020-10-29 16:23:52,697 - basicLogger - INFO - Returned event {keys[1]} response with player id {zone1_player_id}
2020-10-29 16:23:52,764 - basicLogger - INFO - Returned event {keys[1]} response with player id {zone1_player_id}
2020-10-29 16:23:52,818 - basicLogger - INFO - Received event zone1 request with a unique id  of A322A
2020-10-29 16:23:52,965 - basicLogger - INFO - Returned event {keys[1]} response with player id {zone1_player_id}
2020-10-29 16:23:53,019 - basicLogger - INFO - Received event zone1 request with a unique id  of 3BAC1
2020-10-29 16:23:53,169 - basicLogger - INFO - Returned event {keys[1]} response with player id {zone1_player_id}
2020-10-29 16:23:53,219 - basicLogger - INFO - Received event zone1 request with a unique id  of ADDCD
2020-10-29 16:23:53,368 - basicLogger - INFO - Returned event {keys[1]} response with player id {zone1_player_id}
2020-10-29 16:23:57,706 - basicLogger - INFO - Received event zone1 request with a unique id  of C2C2B
2020-10-29 16:23:57,783 - basicLogger - INFO - Received event zone1 request with a unique id  of DCB31
2020-10-29 16:23:57,857 - basicLogger - INFO - Returned event {keys[1]} response with player id {zone2_player_id}
2020-10-29 16:23:57,920 - basicLogger - INFO - Returned event {keys[1]} response with player id {zone2_player_id}
2020-10-29 16:23:57,984 - basicLogger - INFO - Received event zone1 request with a unique id  of D121A
2020-10-29 16:23:58,139 - basicLogger - INFO - Returned event {keys[1]} response with player id {zone2_player_id}
2020-10-29 16:23:58,184 - basicLogger - INFO - Received event zone1 request with a unique id  of 3A211
2020-10-29 16:23:58,307 - basicLogger - INFO - Returned event {keys[1]} response with player id {zone2_player_id}
2020-10-29 16:23:58,380 - basicLogger - INFO - Received event zone1 request with a unique id  of 1D2C2
2020-10-29 16:23:58,523 - basicLogger - INFO - Returned event {keys[1]} response with player id {zone2_player_id}
2020-10-29 16:24:02,876 - basicLogger - INFO - Received event zone1 request with a unique id  of C211D
2020-10-29 16:24:02,936 - basicLogger - INFO - Received event zone1 request with a unique id  of A3B11
2020-10-29 16:24:03,116 - basicLogger - INFO - Returned event {keys[1]} response with player id {zone1_player_id}
2020-10-29 16:24:03,116 - basicLogger - INFO - Returned event {keys[1]} response with player id {zone1_player_id}
2020-10-29 16:24:03,160 - basicLogger - INFO - Received event zone1 request with a unique id  of 1C1C2
2020-10-29 16:24:03,305 - basicLogger - INFO - Returned event {keys[1]} response with player id {zone1_player_id}
2020-10-29 16:24:03,322 - basicLogger - INFO - Received event zone1 request with a unique id  of 12D3D
2020-10-29 16:24:03,465 - basicLogger - INFO - Returned event {keys[1]} response with player id {zone1_player_id}
2020-10-29 16:24:03,540 - basicLogger - INFO - Received event zone1 request with a unique id  of C2CDC
2020-10-29 16:24:03,711 - basicLogger - INFO - Returned event {keys[1]} response with player id {zone1_player_id}
2020-10-29 16:24:08,132 - basicLogger - INFO - Received event zone1 request with a unique id  of 123A2
2020-10-29 16:24:08,145 - basicLogger - INFO - Received event zone1 request with a unique id  of A32BB
2020-10-29 16:24:08,317 - basicLogger - INFO - Received event zone1 request with a unique id  of BC31A
2020-10-29 16:24:08,317 - basicLogger - INFO - Returned event {keys[1]} response with player id {zone2_player_id}
2020-10-29 16:24:08,317 - basicLogger - INFO - Returned event {keys[1]} response with player id {zone2_player_id}
2020-10-29 16:24:08,472 - basicLogger - INFO - Received event zone1 request with a unique id  of 132DA
2020-10-29 16:24:08,480 - basicLogger - INFO - Returned event {keys[1]} response with player id {zone2_player_id}
2020-10-29 16:24:08,611 - basicLogger - INFO - Returned event {keys[1]} response with player id {zone2_player_id}
2020-10-29 16:24:08,730 - basicLogger - INFO - Received event zone1 request with a unique id  of 12332
2020-10-29 16:24:08,859 - basicLogger - INFO - Returned event {keys[1]} response with player id {zone2_player_id}
2020-10-29 16:24:13,332 - basicLogger - INFO - Received event zone1 request with a unique id  of D3122
2020-10-29 16:24:13,345 - basicLogger - INFO - Received event zone1 request with a unique id  of A13CD
2020-10-29 16:24:13,487 - basicLogger - INFO - Received event zone1 request with a unique id  of A3CBA
2020-10-29 16:24:13,621 - basicLogger - INFO - Received event zone1 request with a unique id  of 21122
2020-10-29 16:24:13,666 - basicLogger - INFO - Returned event {keys[1]} response with player id {zone1_player_id}
2020-10-29 16:24:13,666 - basicLogger - INFO - Returned event {keys[1]} response with player id {zone1_player_id}
2020-10-29 16:24:13,667 - basicLogger - INFO - Returned event {keys[1]} response with player id {zone1_player_id}
2020-10-29 16:24:13,776 - basicLogger - INFO - Returned event {keys[1]} response with player id {zone1_player_id}
2020-10-29 16:24:13,869 - basicLogger - INFO - Received event zone1 request with a unique id  of DCBD1
2020-10-29 16:24:14,035 - basicLogger - INFO - Returned event {keys[1]} response with player id {zone1_player_id}
2020-10-29 16:24:18,689 - basicLogger - INFO - Received event zone1 request with a unique id  of B3D13
2020-10-29 16:24:18,692 - basicLogger - INFO - Received event zone1 request with a unique id  of BD2BD
2020-10-29 16:24:18,694 - basicLogger - INFO - Received event zone1 request with a unique id  of A12AD
2020-10-29 16:24:18,786 - basicLogger - INFO - Received event zone1 request with a unique id  of 3DD1C
2020-10-29 16:24:18,838 - basicLogger - INFO - Returned event {keys[1]} response with player id {zone2_player_id}
2020-10-29 16:24:18,855 - basicLogger - INFO - Returned event {keys[1]} response with player id {zone2_player_id}
2020-10-29 16:24:18,856 - basicLogger - INFO - Returned event {keys[1]} response with player id {zone2_player_id}
2020-10-29 16:24:18,917 - basicLogger - INFO - Returned event {keys[1]} response with player id {zone2_player_id}
2020-10-29 16:24:19,045 - basicLogger - INFO - Received event zone1 request with a unique id  of DA3BB
2020-10-29 16:24:19,197 - basicLogger - INFO - Returned event {keys[1]} response with player id {zone2_player_id}
2020-10-29 16:24:23,855 - basicLogger - INFO - Received event zone1 request with a unique id  of A1CB2
2020-10-29 16:24:23,872 - basicLogger - INFO - Received event zone1 request with a unique id  of ADAC1
2020-10-29 16:24:23,876 - basicLogger - INFO - Received event zone1 request with a unique id  of A3CD2
2020-10-29 16:24:23,931 - basicLogger - INFO - Received event zone1 request with a unique id  of A3BC3
2020-10-29 16:24:24,176 - basicLogger - INFO - Returned event {keys[1]} response with player id {zone1_player_id}
2020-10-29 16:24:24,176 - basicLogger - INFO - Returned event {keys[1]} response with player id {zone1_player_id}
2020-10-29 16:24:24,176 - basicLogger - INFO - Returned event {keys[1]} response with player id {zone1_player_id}
2020-10-29 16:24:24,177 - basicLogger - INFO - Returned event {keys[1]} response with player id {zone1_player_id}
2020-10-29 16:24:24,212 - basicLogger - INFO - Received event zone1 request with a unique id  of B32DD
2020-10-29 16:24:24,360 - basicLogger - INFO - Returned event {keys[1]} response with player id {zone1_player_id}
2020-10-29 16:24:29,196 - basicLogger - INFO - Received event zone1 request with a unique id  of CB312
2020-10-29 16:24:29,212 - basicLogger - INFO - Received event zone1 request with a unique id  of 2AD21
2020-10-29 16:24:29,226 - basicLogger - INFO - Received event zone1 request with a unique id  of 13D22
2020-10-29 16:24:29,228 - basicLogger - INFO - Received event zone1 request with a unique id  of DDD21
2020-10-29 16:24:29,367 - basicLogger - INFO - Received event zone1 request with a unique id  of 33CDB
2020-10-29 16:24:29,405 - basicLogger - INFO - Returned event {keys[1]} response with player id {zone2_player_id}
2020-10-29 16:24:29,405 - basicLogger - INFO - Returned event {keys[1]} response with player id {zone2_player_id}
2020-10-29 16:24:29,406 - basicLogger - INFO - Returned event {keys[1]} response with player id {zone2_player_id}
2020-10-29 16:24:29,406 - basicLogger - INFO - Returned event {keys[1]} response with player id {zone2_player_id}
2020-10-29 16:24:29,529 - basicLogger - INFO - Returned event {keys[1]} response with player id {zone2_player_id}
2020-10-29 16:24:34,424 - basicLogger - INFO - Received event zone1 request with a unique id  of B2D2A
2020-10-29 16:24:34,427 - basicLogger - INFO - Received event zone1 request with a unique id  of 3DD32
2020-10-29 16:24:34,430 - basicLogger - INFO - Received event zone1 request with a unique id  of BADBC
2020-10-29 16:24:34,443 - basicLogger - INFO - Received event zone1 request with a unique id  of 313B2
2020-10-29 16:24:34,537 - basicLogger - INFO - Received event zone1 request with a unique id  of B1D31
2020-10-29 16:24:34,680 - basicLogger - INFO - Returned event {keys[1]} response with player id {zone1_player_id}
2020-10-29 16:24:34,680 - basicLogger - INFO - Returned event {keys[1]} response with player id {zone1_player_id}
2020-10-29 16:24:34,680 - basicLogger - INFO - Returned event {keys[1]} response with player id {zone1_player_id}
2020-10-29 16:24:34,681 - basicLogger - INFO - Returned event {keys[1]} response with player id {zone1_player_id}
2020-10-29 16:24:34,692 - basicLogger - INFO - Returned event {keys[1]} response with player id {zone1_player_id}
2020-10-29 16:24:39,703 - basicLogger - INFO - Received event zone1 request with a unique id  of DC332
2020-10-29 16:24:39,709 - basicLogger - INFO - Received event zone1 request with a unique id  of B3A3A
2020-10-29 16:24:39,712 - basicLogger - INFO - Received event zone1 request with a unique id  of 312A1
2020-10-29 16:24:39,715 - basicLogger - INFO - Received event zone1 request with a unique id  of 23A23
2020-10-29 16:24:39,726 - basicLogger - INFO - Received event zone1 request with a unique id  of 21BDD
2020-10-29 16:24:39,902 - basicLogger - INFO - Returned event {keys[1]} response with player id {zone2_player_id}
2020-10-29 16:24:39,902 - basicLogger - INFO - Returned event {keys[1]} response with player id {zone2_player_id}
2020-10-29 16:24:39,903 - basicLogger - INFO - Returned event {keys[1]} response with player id {zone2_player_id}
2020-10-29 16:24:39,903 - basicLogger - INFO - Returned event {keys[1]} response with player id {zone2_player_id}
2020-10-29 16:24:39,903 - basicLogger - INFO - Returned event {keys[1]} response with player id {zone2_player_id}
2020-10-29 16:24:44,923 - basicLogger - INFO - Received event zone1 request with a unique id  of BDDCD
2020-10-29 16:24:44,928 - basicLogger - INFO - Received event zone1 request with a unique id  of 31221
2020-10-29 16:24:44,931 - basicLogger - INFO - Received event zone1 request with a unique id  of A1CA1
2020-10-29 16:24:44,935 - basicLogger - INFO - Received event zone1 request with a unique id  of B3B23
2020-10-29 16:24:44,950 - basicLogger - INFO - Received event zone1 request with a unique id  of B2BA3
2020-10-29 16:24:45,194 - basicLogger - INFO - Returned event {keys[1]} response with player id {zone1_player_id}
2020-10-29 16:24:45,194 - basicLogger - INFO - Returned event {keys[1]} response with player id {zone1_player_id}
2020-10-29 16:24:45,194 - basicLogger - INFO - Returned event {keys[1]} response with player id {zone1_player_id}
2020-10-29 16:24:45,195 - basicLogger - INFO - Returned event {keys[1]} response with player id {zone1_player_id}
2020-10-29 16:24:45,195 - basicLogger - INFO - Returned event {keys[1]} response with player id {zone1_player_id}
2020-10-29 16:24:50,223 - basicLogger - INFO - Received event zone1 request with a unique id  of DDDA1
2020-10-29 16:24:50,227 - basicLogger - INFO - Received event zone1 request with a unique id  of DCDCC
2020-10-29 16:24:50,229 - basicLogger - INFO - Received event zone1 request with a unique id  of D3B2D
2020-10-29 16:24:50,234 - basicLogger - INFO - Received event zone1 request with a unique id  of 32A3B
2020-10-29 16:24:50,249 - basicLogger - INFO - Received event zone1 request with a unique id  of AB23A
2020-10-29 16:24:50,510 - basicLogger - INFO - Returned event {keys[1]} response with player id {zone2_player_id}
2020-10-29 16:24:50,511 - basicLogger - INFO - Returned event {keys[1]} response with player id {zone2_player_id}
2020-10-29 16:24:50,511 - basicLogger - INFO - Returned event {keys[1]} response with player id {zone2_player_id}
2020-10-29 16:24:50,511 - basicLogger - INFO - Returned event {keys[1]} response with player id {zone2_player_id}
2020-10-29 16:24:50,511 - basicLogger - INFO - Returned event {keys[1]} response with player id {zone2_player_id}
2020-10-29 16:24:55,536 - basicLogger - INFO - Received event zone1 request with a unique id  of 3A22A
2020-10-29 16:24:55,544 - basicLogger - INFO - Received event zone1 request with a unique id  of 3BCDA
2020-10-29 16:24:55,548 - basicLogger - INFO - Received event zone1 request with a unique id  of 1331D
2020-10-29 16:24:55,564 - basicLogger - INFO - Received event zone1 request with a unique id  of 313CB
2020-10-29 16:24:55,584 - basicLogger - INFO - Received event zone1 request with a unique id  of B133B
2020-10-29 16:24:55,867 - basicLogger - INFO - Returned event {keys[1]} response with player id {zone1_player_id}
2020-10-29 16:24:55,868 - basicLogger - INFO - Returned event {keys[1]} response with player id {zone1_player_id}
2020-10-29 16:24:55,868 - basicLogger - INFO - Returned event {keys[1]} response with player id {zone1_player_id}
2020-10-29 16:24:55,869 - basicLogger - INFO - Returned event {keys[1]} response with player id {zone1_player_id}
2020-10-29 16:24:55,869 - basicLogger - INFO - Returned event {keys[1]} response with player id {zone1_player_id}
2020-10-29 16:25:00,897 - basicLogger - INFO - Received event zone1 request with a unique id  of BAD3D
2020-10-29 16:25:00,918 - basicLogger - INFO - Received event zone1 request with a unique id  of 2BACD
2020-10-29 16:25:00,921 - basicLogger - INFO - Received event zone1 request with a unique id  of D1C2A
2020-10-29 16:25:00,924 - basicLogger - INFO - Received event zone1 request with a unique id  of 1BB2B
2020-10-29 16:25:00,928 - basicLogger - INFO - Received event zone1 request with a unique id  of DA3A3
2020-10-29 16:25:01,107 - basicLogger - INFO - Returned event {keys[1]} response with player id {zone2_player_id}
2020-10-29 16:25:01,109 - basicLogger - INFO - Returned event {keys[1]} response with player id {zone2_player_id}
2020-10-29 16:25:01,109 - basicLogger - INFO - Returned event {keys[1]} response with player id {zone2_player_id}
2020-10-29 16:25:01,109 - basicLogger - INFO - Returned event {keys[1]} response with player id {zone2_player_id}
2020-10-29 16:25:01,110 - basicLogger - INFO - Returned event {keys[1]} response with player id {zone2_player_id}
2020-10-29 16:25:06,127 - basicLogger - INFO - Received event zone1 request with a unique id  of CCC2B
2020-10-29 16:25:06,130 - basicLogger - INFO - Received event zone1 request with a unique id  of 1111A
2020-10-29 16:25:06,133 - basicLogger - INFO - Received event zone1 request with a unique id  of BB2AB
2020-10-29 16:25:06,146 - basicLogger - INFO - Received event zone1 request with a unique id  of CBAC2
2020-10-29 16:25:06,149 - basicLogger - INFO - Received event zone1 request with a unique id  of 31BBB
2020-10-29 16:25:06,368 - basicLogger - INFO - Returned event {keys[1]} response with player id {zone1_player_id}
2020-10-29 16:25:06,368 - basicLogger - INFO - Returned event {keys[1]} response with player id {zone1_player_id}
2020-10-29 16:25:06,369 - basicLogger - INFO - Returned event {keys[1]} response with player id {zone1_player_id}
2020-10-29 16:25:06,400 - basicLogger - INFO - Returned event {keys[1]} response with player id {zone1_player_id}
2020-10-29 16:25:06,400 - basicLogger - INFO - Returned event {keys[1]} response with player id {zone1_player_id}
2020-10-29 16:25:11,392 - basicLogger - INFO - Received event zone1 request with a unique id  of 31D2B
2020-10-29 16:25:11,395 - basicLogger - INFO - Received event zone1 request with a unique id  of 12CA2
2020-10-29 16:25:11,398 - basicLogger - INFO - Received event zone1 request with a unique id  of A2A3B
2020-10-29 16:25:11,413 - basicLogger - INFO - Received event zone1 request with a unique id  of 1D2DC
2020-10-29 16:25:11,415 - basicLogger - INFO - Received event zone1 request with a unique id  of 31BC2
2020-10-29 16:25:11,576 - basicLogger - INFO - Returned event {keys[1]} response with player id {zone2_player_id}
2020-10-29 16:25:11,577 - basicLogger - INFO - Returned event {keys[1]} response with player id {zone2_player_id}
2020-10-29 16:25:11,577 - basicLogger - INFO - Returned event {keys[1]} response with player id {zone2_player_id}
2020-10-29 16:25:11,578 - basicLogger - INFO - Returned event {keys[1]} response with player id {zone2_player_id}
2020-10-29 16:25:11,578 - basicLogger - INFO - Returned event {keys[1]} response with player id {zone2_player_id}
2020-10-29 16:25:16,594 - basicLogger - INFO - Received event zone1 request with a unique id  of 2A2B2
2020-10-29 16:25:16,596 - basicLogger - INFO - Received event zone1 request with a unique id  of CCBBA
2020-10-29 16:25:16,600 - basicLogger - INFO - Received event zone1 request with a unique id  of C2C2D
2020-10-29 16:25:16,611 - basicLogger - INFO - Received event zone1 request with a unique id  of 3BA1B
2020-10-29 16:25:16,614 - basicLogger - INFO - Received event zone1 request with a unique id  of 2CD31
2020-10-29 16:25:16,821 - basicLogger - INFO - Returned event {keys[1]} response with player id {zone1_player_id}
2020-10-29 16:25:16,822 - basicLogger - INFO - Returned event {keys[1]} response with player id {zone1_player_id}
2020-10-29 16:25:16,822 - basicLogger - INFO - Returned event {keys[1]} response with player id {zone1_player_id}
2020-10-29 16:25:16,822 - basicLogger - INFO - Returned event {keys[1]} response with player id {zone1_player_id}
2020-10-29 16:25:16,822 - basicLogger - INFO - Returned event {keys[1]} response with player id {zone1_player_id}
2020-10-29 16:25:21,842 - basicLogger - INFO - Received event zone1 request with a unique id  of A2D13
2020-10-29 16:25:21,844 - basicLogger - INFO - Received event zone1 request with a unique id  of CABA3
2020-10-29 16:25:21,846 - basicLogger - INFO - Received event zone1 request with a unique id  of 13BCA
2020-10-29 16:25:21,849 - basicLogger - INFO - Received event zone1 request with a unique id  of 1CC3C
2020-10-29 16:25:21,860 - basicLogger - INFO - Received event zone1 request with a unique id  of CAA3A
2020-10-29 16:25:22,069 - basicLogger - INFO - Returned event {keys[1]} response with player id {zone2_player_id}
2020-10-29 16:25:22,069 - basicLogger - INFO - Returned event {keys[1]} response with player id {zone2_player_id}
2020-10-29 16:25:22,069 - basicLogger - INFO - Returned event {keys[1]} response with player id {zone2_player_id}
2020-10-29 16:25:22,070 - basicLogger - INFO - Returned event {keys[1]} response with player id {zone2_player_id}
2020-10-29 16:25:22,070 - basicLogger - INFO - Returned event {keys[1]} response with player id {zone2_player_id}
2020-10-29 16:25:27,092 - basicLogger - INFO - Received event zone1 request with a unique id  of DA232
2020-10-29 16:25:27,094 - basicLogger - INFO - Received event zone1 request with a unique id  of CDACA
2020-10-29 16:25:27,100 - basicLogger - INFO - Received event zone1 request with a unique id  of 23ABB
2020-10-29 16:25:27,111 - basicLogger - INFO - Received event zone1 request with a unique id  of C2D33
2020-10-29 16:25:27,113 - basicLogger - INFO - Received event zone1 request with a unique id  of 1CCAA
2020-10-29 16:25:27,305 - basicLogger - INFO - Returned event {keys[1]} response with player id {zone1_player_id}
2020-10-29 16:25:27,334 - basicLogger - INFO - Returned event {keys[1]} response with player id {zone1_player_id}
2020-10-29 16:25:27,334 - basicLogger - INFO - Returned event {keys[1]} response with player id {zone1_player_id}
2020-10-29 16:25:27,334 - basicLogger - INFO - Returned event {keys[1]} response with player id {zone1_player_id}
2020-10-29 16:25:27,334 - basicLogger - INFO - Returned event {keys[1]} response with player id {zone1_player_id}
2020-10-29 16:25:32,323 - basicLogger - INFO - Received event zone1 request with a unique id  of AA311
2020-10-29 16:25:32,343 - basicLogger - INFO - Received event zone1 request with a unique id  of DB321
2020-10-29 16:25:32,346 - basicLogger - INFO - Received event zone1 request with a unique id  of B32AC
2020-10-29 16:25:32,350 - basicLogger - INFO - Received event zone1 request with a unique id  of BD2A2
2020-10-29 16:25:32,361 - basicLogger - INFO - Received event zone1 request with a unique id  of CA1AC
2020-10-29 16:25:32,484 - basicLogger - INFO - Returned event {keys[1]} response with player id {zone2_player_id}
2020-10-29 16:25:32,485 - basicLogger - INFO - Returned event {keys[1]} response with player id {zone2_player_id}
2020-10-29 16:25:32,511 - basicLogger - INFO - Returned event {keys[1]} response with player id {zone2_player_id}
2020-10-29 16:25:32,511 - basicLogger - INFO - Returned event {keys[1]} response with player id {zone2_player_id}
2020-10-29 16:25:33,521 - basicLogger - INFO - Returned event {keys[1]} response with player id {zone2_player_id}
2020-10-29 17:39:14,458 - basicLogger - INFO - Received event zone1 request with a unique id  of d290f1ee-6c54-4b01-90e6-d701748f0851
2020-10-29 17:39:14,737 - basicLogger - INFO - Returned event {keys[1]} response with player id {zone2_player_id}
2020-10-29 18:36:20,188 - basicLogger - INFO - Received event zone2 request with a unique id  of d290f1ee-6c54-4b01-90e6-d701748f0851
2020-10-29 18:36:20,530 - basicLogger - INFO - Returned event zone2 response with player id {zone2_player_id}
2020-10-29 18:37:04,435 - basicLogger - INFO - Received event zone1 request with a unique id  of 33BB1
2020-10-29 18:37:04,646 - basicLogger - INFO - Received event zone1 request with a unique id  of DCCCB
2020-10-29 18:37:04,671 - basicLogger - INFO - Returned event zone1 response with player id {zone1_player_id}
2020-10-29 18:37:04,794 - basicLogger - INFO - Returned event zone1 response with player id {zone1_player_id}
2020-10-29 18:37:04,831 - basicLogger - INFO - Received event zone1 request with a unique id  of 123AC
2020-10-29 18:37:04,970 - basicLogger - INFO - Returned event zone1 response with player id {zone1_player_id}
2020-10-29 18:37:05,030 - basicLogger - INFO - Received event zone1 request with a unique id  of DD1DB
2020-10-29 18:37:05,185 - basicLogger - INFO - Returned event zone1 response with player id {zone1_player_id}
2020-10-29 18:37:05,230 - basicLogger - INFO - Received event zone1 request with a unique id  of 3A2C1
2020-10-29 18:37:05,374 - basicLogger - INFO - Returned event zone1 response with player id {zone1_player_id}
2020-10-29 18:37:09,678 - basicLogger - INFO - Received event zone2 request with a unique id  of DAB3C
2020-10-29 18:37:09,805 - basicLogger - INFO - Received event zone2 request with a unique id  of 22B31
2020-10-29 18:37:09,901 - basicLogger - INFO - Returned event zone2 response with player id {zone2_player_id}
2020-10-29 18:37:09,974 - basicLogger - INFO - Returned event zone2 response with player id {zone2_player_id}
2020-10-29 18:37:09,987 - basicLogger - INFO - Received event zone2 request with a unique id  of 3133C
2020-10-29 18:37:10,126 - basicLogger - INFO - Returned event zone2 response with player id {zone2_player_id}
2020-10-29 18:37:10,202 - basicLogger - INFO - Received event zone2 request with a unique id  of CD222
2020-10-29 18:37:10,362 - basicLogger - INFO - Returned event zone2 response with player id {zone2_player_id}
2020-10-29 18:37:10,386 - basicLogger - INFO - Received event zone2 request with a unique id  of C2B12
2020-10-29 18:37:10,527 - basicLogger - INFO - Returned event zone2 response with player id {zone2_player_id}
2020-10-29 18:37:14,920 - basicLogger - INFO - Received event zone1 request with a unique id  of 11AAB
2020-10-29 18:37:14,979 - basicLogger - INFO - Received event zone1 request with a unique id  of BB3A3
2020-10-29 18:37:15,132 - basicLogger - INFO - Received event zone1 request with a unique id  of A1CCD
2020-10-29 18:37:15,153 - basicLogger - INFO - Returned event zone1 response with player id {zone1_player_id}
2020-10-29 18:37:15,153 - basicLogger - INFO - Returned event zone1 response with player id {zone1_player_id}
2020-10-29 18:37:15,257 - basicLogger - INFO - Returned event zone1 response with player id {zone1_player_id}
2020-10-29 18:37:15,380 - basicLogger - INFO - Received event zone1 request with a unique id  of 1CCAC
2020-10-29 18:37:15,544 - basicLogger - INFO - Received event zone1 request with a unique id  of D1DAC
2020-10-29 18:37:15,562 - basicLogger - INFO - Returned event zone1 response with player id {zone1_player_id}
2020-10-29 18:37:15,685 - basicLogger - INFO - Returned event zone1 response with player id {zone1_player_id}
2020-10-29 18:37:20,169 - basicLogger - INFO - Received event zone2 request with a unique id  of BBA13
2020-10-29 18:37:20,181 - basicLogger - INFO - Received event zone2 request with a unique id  of 1111D
2020-10-29 18:37:20,276 - basicLogger - INFO - Received event zone2 request with a unique id  of D333A
2020-10-29 18:37:20,435 - basicLogger - INFO - Returned event zone2 response with player id {zone2_player_id}
2020-10-29 18:37:20,436 - basicLogger - INFO - Returned event zone2 response with player id {zone2_player_id}
2020-10-29 18:37:20,436 - basicLogger - INFO - Returned event zone2 response with player id {zone2_player_id}
2020-10-29 18:37:20,581 - basicLogger - INFO - Received event zone2 request with a unique id  of C1DC3
2020-10-29 18:37:20,699 - basicLogger - INFO - Received event zone2 request with a unique id  of DBDDC
2020-10-29 18:37:20,754 - basicLogger - INFO - Returned event zone2 response with player id {zone2_player_id}
2020-10-29 18:37:20,839 - basicLogger - INFO - Returned event zone2 response with player id {zone2_player_id}
2020-10-29 18:37:25,460 - basicLogger - INFO - Received event zone1 request with a unique id  of AAAAD
2020-10-29 18:37:25,463 - basicLogger - INFO - Received event zone1 request with a unique id  of CCA2A
2020-10-29 18:37:25,466 - basicLogger - INFO - Received event zone1 request with a unique id  of D1AB3
2020-10-29 18:37:25,635 - basicLogger - INFO - Returned event zone1 response with player id {zone1_player_id}
2020-10-29 18:37:25,636 - basicLogger - INFO - Returned event zone1 response with player id {zone1_player_id}
2020-10-29 18:37:25,636 - basicLogger - INFO - Returned event zone1 response with player id {zone1_player_id}
2020-10-29 18:37:25,771 - basicLogger - INFO - Received event zone1 request with a unique id  of CAADB
2020-10-29 18:37:25,850 - basicLogger - INFO - Received event zone1 request with a unique id  of 233A1
2020-10-29 18:37:25,942 - basicLogger - INFO - Returned event zone1 response with player id {zone1_player_id}
2020-10-29 18:37:25,990 - basicLogger - INFO - Returned event zone1 response with player id {zone1_player_id}
2020-10-29 18:37:30,655 - basicLogger - INFO - Received event zone2 request with a unique id  of D2211
2020-10-29 18:37:30,658 - basicLogger - INFO - Received event zone2 request with a unique id  of 33231
2020-10-29 18:37:30,669 - basicLogger - INFO - Received event zone2 request with a unique id  of ADB12
2020-10-29 18:37:30,949 - basicLogger - INFO - Received event zone2 request with a unique id  of CAC3A
2020-10-29 18:37:30,986 - basicLogger - INFO - Returned event zone2 response with player id {zone2_player_id}
2020-10-29 18:37:30,986 - basicLogger - INFO - Returned event zone2 response with player id {zone2_player_id}
2020-10-29 18:37:30,986 - basicLogger - INFO - Returned event zone2 response with player id {zone2_player_id}
2020-10-29 18:37:31,003 - basicLogger - INFO - Received event zone2 request with a unique id  of C2D22
2020-10-29 18:37:31,112 - basicLogger - INFO - Returned event zone2 response with player id {zone2_player_id}
2020-10-29 18:37:31,168 - basicLogger - INFO - Returned event zone2 response with player id {zone2_player_id}
2020-10-29 18:37:36,007 - basicLogger - INFO - Received event zone1 request with a unique id  of 2C1BA
2020-10-29 18:37:36,020 - basicLogger - INFO - Received event zone1 request with a unique id  of 3ABD1
2020-10-29 18:37:36,023 - basicLogger - INFO - Received event zone1 request with a unique id  of 22ADD
2020-10-29 18:37:36,126 - basicLogger - INFO - Received event zone1 request with a unique id  of B31BB
2020-10-29 18:37:36,183 - basicLogger - INFO - Received event zone1 request with a unique id  of B333A
2020-10-29 18:37:36,235 - basicLogger - INFO - Returned event zone1 response with player id {zone1_player_id}
2020-10-29 18:37:36,236 - basicLogger - INFO - Returned event zone1 response with player id {zone1_player_id}
2020-10-29 18:37:36,236 - basicLogger - INFO - Returned event zone1 response with player id {zone1_player_id}
2020-10-29 18:37:36,282 - basicLogger - INFO - Returned event zone1 response with player id {zone1_player_id}
2020-10-29 18:37:36,327 - basicLogger - INFO - Returned event zone1 response with player id {zone1_player_id}
2020-10-29 18:37:41,255 - basicLogger - INFO - Received event zone2 request with a unique id  of 2BD1B
2020-10-29 18:37:41,258 - basicLogger - INFO - Received event zone2 request with a unique id  of BD3DB
2020-10-29 18:37:41,272 - basicLogger - INFO - Received event zone2 request with a unique id  of 1D31D
2020-10-29 18:37:41,306 - basicLogger - INFO - Received event zone2 request with a unique id  of 2CA21
2020-10-29 18:37:41,348 - basicLogger - INFO - Received event zone2 request with a unique id  of 31B22
2020-10-29 18:37:41,443 - basicLogger - INFO - Returned event zone2 response with player id {zone2_player_id}
2020-10-29 18:37:41,443 - basicLogger - INFO - Returned event zone2 response with player id {zone2_player_id}
2020-10-29 18:37:41,444 - basicLogger - INFO - Returned event zone2 response with player id {zone2_player_id}
2020-10-29 18:37:41,462 - basicLogger - INFO - Returned event zone2 response with player id {zone2_player_id}
2020-10-29 18:37:41,484 - basicLogger - INFO - Returned event zone2 response with player id {zone2_player_id}
2020-10-29 18:37:46,471 - basicLogger - INFO - Received event zone1 request with a unique id  of 2AADB
2020-10-29 18:37:46,476 - basicLogger - INFO - Received event zone1 request with a unique id  of CA21D
2020-10-29 18:37:46,498 - basicLogger - INFO - Received event zone1 request with a unique id  of A11A1
2020-10-29 18:37:46,503 - basicLogger - INFO - Received event zone1 request with a unique id  of A12C3
2020-10-29 18:37:46,513 - basicLogger - INFO - Received event zone1 request with a unique id  of DDB2C
2020-10-29 18:37:46,690 - basicLogger - INFO - Returned event zone1 response with player id {zone1_player_id}
2020-10-29 18:37:46,704 - basicLogger - INFO - Returned event zone1 response with player id {zone1_player_id}
2020-10-29 18:37:46,721 - basicLogger - INFO - Returned event zone1 response with player id {zone1_player_id}
2020-10-29 18:37:46,722 - basicLogger - INFO - Returned event zone1 response with player id {zone1_player_id}
2020-10-29 18:37:46,723 - basicLogger - INFO - Returned event zone1 response with player id {zone1_player_id}
2020-10-29 18:37:51,703 - basicLogger - INFO - Received event zone2 request with a unique id  of 3CD3A
2020-10-29 18:37:51,723 - basicLogger - INFO - Received event zone2 request with a unique id  of 2ACDD
2020-10-29 18:37:51,739 - basicLogger - INFO - Received event zone2 request with a unique id  of D1BBC
2020-10-29 18:37:51,742 - basicLogger - INFO - Received event zone2 request with a unique id  of 3D213
2020-10-29 18:37:51,756 - basicLogger - INFO - Received event zone2 request with a unique id  of 2CD3B
2020-10-29 18:37:51,933 - basicLogger - INFO - Returned event zone2 response with player id {zone2_player_id}
2020-10-29 18:37:51,934 - basicLogger - INFO - Returned event zone2 response with player id {zone2_player_id}
2020-10-29 18:37:51,935 - basicLogger - INFO - Returned event zone2 response with player id {zone2_player_id}
2020-10-29 18:37:51,935 - basicLogger - INFO - Returned event zone2 response with player id {zone2_player_id}
2020-10-29 18:37:51,935 - basicLogger - INFO - Returned event zone2 response with player id {zone2_player_id}
2020-10-29 18:37:56,955 - basicLogger - INFO - Received event zone1 request with a unique id  of 3131D
2020-10-29 18:37:56,958 - basicLogger - INFO - Received event zone1 request with a unique id  of ACA3D
2020-10-29 18:37:56,961 - basicLogger - INFO - Received event zone1 request with a unique id  of 32DBD
2020-10-29 18:37:56,971 - basicLogger - INFO - Received event zone1 request with a unique id  of 1A22C
2020-10-29 18:37:56,974 - basicLogger - INFO - Received event zone1 request with a unique id  of AC3B3
2020-10-29 18:37:57,230 - basicLogger - INFO - Returned event zone1 response with player id {zone1_player_id}
2020-10-29 18:37:57,231 - basicLogger - INFO - Returned event zone1 response with player id {zone1_player_id}
2020-10-29 18:37:57,231 - basicLogger - INFO - Returned event zone1 response with player id {zone1_player_id}
2020-10-29 18:37:57,232 - basicLogger - INFO - Returned event zone1 response with player id {zone1_player_id}
2020-10-29 18:37:57,232 - basicLogger - INFO - Returned event zone1 response with player id {zone1_player_id}
2020-10-29 18:38:02,260 - basicLogger - INFO - Received event zone2 request with a unique id  of AD232
2020-10-29 18:38:02,270 - basicLogger - INFO - Received event zone2 request with a unique id  of ACACB
2020-10-29 18:38:02,273 - basicLogger - INFO - Received event zone2 request with a unique id  of ACBC1
2020-10-29 18:38:02,275 - basicLogger - INFO - Received event zone2 request with a unique id  of ABCC3
2020-10-29 18:38:02,286 - basicLogger - INFO - Received event zone2 request with a unique id  of 1211C
2020-10-29 18:38:02,556 - basicLogger - INFO - Returned event zone2 response with player id {zone2_player_id}
2020-10-29 18:38:02,557 - basicLogger - INFO - Returned event zone2 response with player id {zone2_player_id}
2020-10-29 18:38:02,557 - basicLogger - INFO - Returned event zone2 response with player id {zone2_player_id}
2020-10-29 18:38:02,557 - basicLogger - INFO - Returned event zone2 response with player id {zone2_player_id}
2020-10-29 18:38:02,557 - basicLogger - INFO - Returned event zone2 response with player id {zone2_player_id}
2020-10-29 18:38:07,577 - basicLogger - INFO - Received event zone1 request with a unique id  of AC3CC
2020-10-29 18:38:07,588 - basicLogger - INFO - Received event zone1 request with a unique id  of 11D2D
2020-10-29 18:38:07,591 - basicLogger - INFO - Received event zone1 request with a unique id  of DA3BB
2020-10-29 18:38:07,604 - basicLogger - INFO - Received event zone1 request with a unique id  of DB3DA
2020-10-29 18:38:07,606 - basicLogger - INFO - Received event zone1 request with a unique id  of 13C1D
2020-10-29 18:38:08,063 - basicLogger - INFO - Returned event zone1 response with player id {zone1_player_id}
2020-10-29 18:38:08,063 - basicLogger - INFO - Returned event zone1 response with player id {zone1_player_id}
2020-10-29 18:38:08,063 - basicLogger - INFO - Returned event zone1 response with player id {zone1_player_id}
2020-10-29 18:38:08,063 - basicLogger - INFO - Returned event zone1 response with player id {zone1_player_id}
2020-10-29 18:38:08,063 - basicLogger - INFO - Returned event zone1 response with player id {zone1_player_id}
2020-10-29 18:38:13,068 - basicLogger - INFO - Received event zone2 request with a unique id  of DD2C3
2020-10-29 18:38:13,078 - basicLogger - INFO - Received event zone2 request with a unique id  of 3BD3C
2020-10-29 18:38:13,089 - basicLogger - INFO - Received event zone2 request with a unique id  of 12CB1
2020-10-29 18:38:13,093 - basicLogger - INFO - Received event zone2 request with a unique id  of A11BA
2020-10-29 18:38:13,103 - basicLogger - INFO - Received event zone2 request with a unique id  of B1CB2
2020-10-29 18:38:13,423 - basicLogger - INFO - Returned event zone2 response with player id {zone2_player_id}
2020-10-29 18:38:13,423 - basicLogger - INFO - Returned event zone2 response with player id {zone2_player_id}
2020-10-29 18:38:13,423 - basicLogger - INFO - Returned event zone2 response with player id {zone2_player_id}
2020-10-29 18:38:13,423 - basicLogger - INFO - Returned event zone2 response with player id {zone2_player_id}
2020-10-29 18:38:13,423 - basicLogger - INFO - Returned event zone2 response with player id {zone2_player_id}
2020-10-29 18:38:18,442 - basicLogger - INFO - Received event zone1 request with a unique id  of A22CB
2020-10-29 18:38:18,445 - basicLogger - INFO - Received event zone1 request with a unique id  of A2D22
2020-10-29 18:38:18,454 - basicLogger - INFO - Received event zone1 request with a unique id  of 332BC
2020-10-29 18:38:18,457 - basicLogger - INFO - Received event zone1 request with a unique id  of D1D2A
2020-10-29 18:38:18,460 - basicLogger - INFO - Received event zone1 request with a unique id  of 33C1A
2020-10-29 18:38:18,788 - basicLogger - INFO - Returned event zone1 response with player id {zone1_player_id}
2020-10-29 18:38:18,804 - basicLogger - INFO - Returned event zone1 response with player id {zone1_player_id}
2020-10-29 18:38:18,804 - basicLogger - INFO - Returned event zone1 response with player id {zone1_player_id}
2020-10-29 18:38:18,804 - basicLogger - INFO - Returned event zone1 response with player id {zone1_player_id}
2020-10-29 18:38:18,804 - basicLogger - INFO - Returned event zone1 response with player id {zone1_player_id}
2020-10-29 18:38:23,794 - basicLogger - INFO - Received event zone2 request with a unique id  of 1213C
2020-10-29 18:38:23,820 - basicLogger - INFO - Received event zone2 request with a unique id  of 3A2DD
2020-10-29 18:38:23,823 - basicLogger - INFO - Received event zone2 request with a unique id  of DCCCB
2020-10-29 18:38:23,825 - basicLogger - INFO - Received event zone2 request with a unique id  of 3AB23
2020-10-29 18:38:23,827 - basicLogger - INFO - Received event zone2 request with a unique id  of AAA3C
2020-10-29 18:38:24,024 - basicLogger - INFO - Returned event zone2 response with player id {zone2_player_id}
2020-10-29 18:38:24,024 - basicLogger - INFO - Returned event zone2 response with player id {zone2_player_id}
2020-10-29 18:38:24,025 - basicLogger - INFO - Returned event zone2 response with player id {zone2_player_id}
2020-10-29 18:38:24,026 - basicLogger - INFO - Returned event zone2 response with player id {zone2_player_id}
2020-10-29 18:38:24,052 - basicLogger - INFO - Returned event zone2 response with player id {zone2_player_id}
2020-10-29 18:38:29,040 - basicLogger - INFO - Received event zone1 request with a unique id  of 23DB1
2020-10-29 18:38:29,044 - basicLogger - INFO - Received event zone1 request with a unique id  of CC2BC
2020-10-29 18:38:29,054 - basicLogger - INFO - Received event zone1 request with a unique id  of CC2D2
2020-10-29 18:38:29,057 - basicLogger - INFO - Received event zone1 request with a unique id  of 12A11
2020-10-29 18:38:29,062 - basicLogger - INFO - Received event zone1 request with a unique id  of DCACB
2020-10-29 18:38:29,241 - basicLogger - INFO - Returned event zone1 response with player id {zone1_player_id}
2020-10-29 18:38:29,242 - basicLogger - INFO - Returned event zone1 response with player id {zone1_player_id}
2020-10-29 18:38:29,243 - basicLogger - INFO - Returned event zone1 response with player id {zone1_player_id}
2020-10-29 18:38:29,243 - basicLogger - INFO - Returned event zone1 response with player id {zone1_player_id}
2020-10-29 18:38:29,244 - basicLogger - INFO - Returned event zone1 response with player id {zone1_player_id}
2020-10-29 18:38:34,270 - basicLogger - INFO - Received event zone2 request with a unique id  of BB23A
2020-10-29 18:38:34,272 - basicLogger - INFO - Received event zone2 request with a unique id  of B2CC1
2020-10-29 18:38:34,275 - basicLogger - INFO - Received event zone2 request with a unique id  of 1222C
2020-10-29 18:38:34,278 - basicLogger - INFO - Received event zone2 request with a unique id  of DB2AD
2020-10-29 18:38:34,286 - basicLogger - INFO - Received event zone2 request with a unique id  of 131AB
2020-10-29 18:38:34,537 - basicLogger - INFO - Returned event zone2 response with player id {zone2_player_id}
2020-10-29 18:38:34,538 - basicLogger - INFO - Returned event zone2 response with player id {zone2_player_id}
2020-10-29 18:38:34,538 - basicLogger - INFO - Returned event zone2 response with player id {zone2_player_id}
2020-10-29 18:38:34,538 - basicLogger - INFO - Returned event zone2 response with player id {zone2_player_id}
2020-10-29 18:38:34,538 - basicLogger - INFO - Returned event zone2 response with player id {zone2_player_id}
2020-10-29 18:38:39,561 - basicLogger - INFO - Received event zone1 request with a unique id  of D313B
2020-10-29 18:38:39,565 - basicLogger - INFO - Received event zone1 request with a unique id  of 332BC
2020-10-29 18:38:39,568 - basicLogger - INFO - Received event zone1 request with a unique id  of 112AB
2020-10-29 18:38:39,570 - basicLogger - INFO - Received event zone1 request with a unique id  of 1112B
2020-10-29 18:38:39,572 - basicLogger - INFO - Received event zone1 request with a unique id  of BA3DC
2020-10-29 18:38:39,972 - basicLogger - INFO - Returned event zone1 response with player id {zone1_player_id}
2020-10-29 18:38:39,973 - basicLogger - INFO - Returned event zone1 response with player id {zone1_player_id}
2020-10-29 18:38:39,973 - basicLogger - INFO - Returned event zone1 response with player id {zone1_player_id}
2020-10-29 18:38:39,973 - basicLogger - INFO - Returned event zone1 response with player id {zone1_player_id}
2020-10-29 18:38:39,973 - basicLogger - INFO - Returned event zone1 response with player id {zone1_player_id}
2020-10-29 18:38:44,991 - basicLogger - INFO - Received event zone2 request with a unique id  of ACBA3
2020-10-29 18:38:44,995 - basicLogger - INFO - Received event zone2 request with a unique id  of 2A333
2020-10-29 18:38:45,004 - basicLogger - INFO - Received event zone2 request with a unique id  of CAB13
2020-10-29 18:38:45,007 - basicLogger - INFO - Received event zone2 request with a unique id  of 21B22
2020-10-29 18:38:45,010 - basicLogger - INFO - Received event zone2 request with a unique id  of 3B13D
2020-10-29 18:38:45,466 - basicLogger - INFO - Returned event zone2 response with player id {zone2_player_id}
2020-10-29 18:38:45,466 - basicLogger - INFO - Returned event zone2 response with player id {zone2_player_id}
2020-10-29 18:38:45,466 - basicLogger - INFO - Returned event zone2 response with player id {zone2_player_id}
2020-10-29 18:38:45,467 - basicLogger - INFO - Returned event zone2 response with player id {zone2_player_id}
2020-10-29 18:38:45,467 - basicLogger - INFO - Returned event zone2 response with player id {zone2_player_id}
